0 info it worked if it ends with ok
1 verbose cli [ '/usr/bin/nodejs', '/usr/local/bin/npm', 'run', 'lint' ]
2 info using npm@4.0.5
3 info using node@v6.10.0
4 verbose run-script [ 'prelint', 'lint', 'postlint' ]
5 info lifecycle webmemex-extension@0.1.0~prelint: webmemex-extension@0.1.0
6 silly lifecycle webmemex-extension@0.1.0~prelint: no script for prelint, continuing
7 info lifecycle webmemex-extension@0.1.0~lint: webmemex-extension@0.1.0
8 verbose lifecycle webmemex-extension@0.1.0~lint: unsafe-perm in lifecycle true
9 verbose lifecycle webmemex-extension@0.1.0~lint: PATH: /usr/local/lib/node_modules/npm/bin/node-gyp-bin:/home/niroshan/Gsoc/webmemex-extension/node_modules/.bin:/home/niroshan/bin:/usr/local/sbin:/usr/local/bin:/usr/sbin:/usr/bin:/sbin:/bin:/usr/games:/usr/local/games:/snap/bin:/home/niroshan/.rvm/bin:/home/niroshan/.rvm/bin:/home/niroshan/Android/Sdk/tools:/home/niroshan/Android/Sdk/platform-tools
10 verbose lifecycle webmemex-extension@0.1.0~lint: CWD: /home/niroshan/Gsoc/webmemex-extension
11 silly lifecycle webmemex-extension@0.1.0~lint: Args: [ '-c', 'esw webpack.config.* src ' ]
12 silly lifecycle webmemex-extension@0.1.0~lint: Returned: code: 1  signal: null
13 info lifecycle webmemex-extension@0.1.0~lint: Failed to exec lint script
14 verbose stack Error: webmemex-extension@0.1.0 lint: `esw webpack.config.* src `
14 verbose stack Exit status 1
14 verbose stack     at EventEmitter.<anonymous> (/usr/local/lib/node_modules/npm/lib/utils/lifecycle.js:279:16)
14 verbose stack     at emitTwo (events.js:106:13)
14 verbose stack     at EventEmitter.emit (events.js:191:7)
14 verbose stack     at ChildProcess.<anonymous> (/usr/local/lib/node_modules/npm/lib/utils/spawn.js:40:14)
14 verbose stack     at emitTwo (events.js:106:13)
14 verbose stack     at ChildProcess.emit (events.js:191:7)
14 verbose stack     at maybeClose (internal/child_process.js:877:16)
14 verbose stack     at Process.ChildProcess._handle.onexit (internal/child_process.js:226:5)
15 verbose pkgid webmemex-extension@0.1.0
16 verbose cwd /home/niroshan/Gsoc/webmemex-extension
17 error Linux 4.4.0-70-generic
18 error argv "/usr/bin/nodejs" "/usr/local/bin/npm" "run" "lint"
19 error node v6.10.0
20 error npm  v4.0.5
21 error code ELIFECYCLE
22 error webmemex-extension@0.1.0 lint: `esw webpack.config.* src `
22 error Exit status 1
23 error Failed at the webmemex-extension@0.1.0 lint script 'esw webpack.config.* src '.
23 error Make sure you have the latest version of node.js and npm installed.
23 error If you do, this is most likely a problem with the webmemex-extension package,
23 error not with npm itself.
23 error Tell the author that this fails on your system:
23 error     esw webpack.config.* src
23 error You can get information on how to open an issue for this project with:
23 error     npm bugs webmemex-extension
23 error Or if that isn't available, you can get their info via:
23 error     npm owner ls webmemex-extension
23 error There is likely additional logging output above.
24 verbose exit [ 1, true ]
